<?xml version="1.0" encoding="UTF-8"?>
<testsuite name="ECSE428Project.LibraryTest" tests="1" skipped="0" failures="0" errors="0" timestamp="2021-10-29T16:47:57" hostname="Seans-MacBook-Pro.local" time="0.002">
  <properties/>
  <testcase name="testSomeLibraryMethod" classname="ECSE428Project.LibraryTest" time="0.002"/>
  <system-out><![CDATA[]]></system-out>
  <system-err><![CDATA[]]></system-err>
</testsuite>
